[0819/225041.052:ERROR:process_memory_win.cc(73)] ReadMemory at 0x1d5299129d0 of 32 bytes failed: Запрос ReadProcessMemory или WriteProcessMemory был выполнен только частично. (0x12B)
[0819/225041.055:WARNING:pe_image_annotations_reader.cc(146)] could not read annotation at index 26 in C:\Program Files (x86)\Google\Chrome\Application\84.0.4147.125\chrome.dll
[0819/225041.055:ERROR:process_memory_win.cc(73)] ReadMemory at 0x1d529eb0000 of 64 bytes failed: Запрос ReadProcessMemory или WriteProcessMemory был выполнен только частично. (0x12B)
[0819/225041.055:WARNING:pe_image_reader.cc(340)] could not read dos header from C:\Windows\System32\combase.dll
[0819/225041.055:ERROR:process_memory_win.cc(73)] ReadMemory at 0x1d529eb0000 of 64 bytes failed: Запрос ReadProcessMemory или WriteProcessMemory был выполнен только частично. (0x12B)
[0819/225041.056:WARNING:pe_image_reader.cc(340)] could not read dos header from C:\Windows\System32\combase.dll
[0819/225041.531:ERROR:process_memory_win.cc(73)] ReadMemory at 0x7ff665dd0000 of 64 bytes failed: Запрос ReadProcessMemory или WriteProcessMemory был выполнен только частично. (0x12B)
[0819/225041.532:WARNING:pe_image_reader.cc(340)] could not read dos header from C:\Program Files (x86)\Google\Chrome\Application\chrome.exe
[0819/225041.532:ERROR:process_memory_win.cc(73)] ReadMemory at 0x7ffc2e6c0000 of 64 bytes failed: Запрос ReadProcessMemory или WriteProcessMemory был выполнен только частично. (0x12B)
[0819/225041.532:WARNING:pe_image_reader.cc(340)] could not read dos header from C:\Windows\SYSTEM32\ntdll.dll
[0819/225041.532:ERROR:process_memory_win.cc(73)] ReadMemory at 0x7ffc2cd00000 of 64 bytes failed: Запрос ReadProcessMemory или WriteProcessMemory был выполнен только частично. (0x12B)
[0819/225041.532:WARNING:pe_image_reader.cc(340)] could not read dos header from C:\Windows\System32\KERNEL32.DLL
[0819/225041.532:ERROR:process_memory_win.cc(73)] ReadMemory at 0x7ffc2c410000 of 64 bytes failed: Запрос ReadProcessMemory или WriteProcessMemory был выполнен только частично. (0x12B)
[0819/225041.532:WARNING:pe_image_reader.cc(340)] could not read dos header from C:\Windows\System32\KERNELBASE.dll
[0819/225041.532:ERROR:process_memory_win.cc(73)] ReadMemory at 0x7ffc28ef0000 of 64 bytes failed: Запрос ReadProcessMemory или WriteProcessMemory был выполнен только частично. (0x12B)
[0819/225041.533:WARNING:pe_image_reader.cc(340)] could not read dos header from C:\Windows\SYSTEM32\apphelp.dll
[0819/225041.533:ERROR:process_memory_win.cc(73)] ReadMemory at 0x7ffc007d0000 of 64 bytes failed: Запрос ReadProcessMemory или WriteProcessMemory был выполнен только частично. (0x12B)
[0819/225041.533:WARNING:pe_image_reader.cc(340)] could not read dos header from C:\Program Files (x86)\Google\Chrome\Application\84.0.4147.125\chrome_elf.dll
[0819/225041.533:ERROR:process_memory_win.cc(73)] ReadMemory at 0x7ffc2a720000 of 64 bytes failed: Запрос ReadProcessMemory или WriteProcessMemory был выполнен только частично. (0x12B)
[0819/225041.533:WARNING:pe_image_reader.cc(340)] could not read dos header from C:\Windows\SYSTEM32\VERSION.dll
[0819/225041.533:ERROR:process_memory_win.cc(73)] ReadMemory at 0x7ffc2cc60000 of 64 bytes failed: Запрос ReadProcessMemory или WriteProcessMemory был выполнен только частично. (0x12B)
[0819/225041.533:WARNING:pe_image_reader.cc(340)] could not read dos header from C:\Windows\System32\msvcrt.dll
[0819/225041.533:ERROR:process_memory_win.cc(73)] ReadMemory at 0x7ffc2c310000 of 64 bytes failed: Запрос ReadProcessMemory или WriteProcessMemory был выполнен только частично. (0x12B)
[0819/225041.533:WARNING:pe_image_reader.cc(340)] could not read dos header from C:\Windows\System32\bcryptPrimitives.dll
[0819/225041.533:ERROR:process_memory_win.cc(73)] ReadMemory at 0x7ffc2e020000 of 64 bytes failed: Запрос ReadProcessMemory или WriteProcessMemory был выполнен только частично. (0x12B)
[0819/225041.533:WARNING:pe_image_reader.cc(340)] could not read dos header from C:\Windows\System32\ADVAPI32.dll
[0819/225041.533:ERROR:process_memory_win.cc(73)] ReadMemory at 0x7ffc2d9f0000 of 64 bytes failed: Запрос ReadProcessMemory или WriteProcessMemory был выполнен только частично. (0x12B)
[0819/225041.534:WARNING:pe_image_reader.cc(340)] could not read dos header from C:\Windows\System32\sechost.dll
[0819/225041.534:ERROR:process_memory_win.cc(73)] ReadMemory at 0x7ffc2c770000 of 64 bytes failed: Запрос ReadProcessMemory или WriteProcessMemory был выполнен только частично. (0x12B)
[0819/225041.534:WARNING:pe_image_reader.cc(340)] could not read dos header from C:\Windows\System32\RPCRT4.dll
[0819/225041.534:ERROR:process_memory_win.cc(73)] ReadMemory at 0x7ffbf47f0000 of 64 bytes failed: Запрос ReadProcessMemory или WriteProcessMemory был выполнен только частично. (0x12B)
[0819/225041.534:WARNING:pe_image_reader.cc(340)] could not read dos header from C:\Program Files (x86)\Google\Chrome\Application\84.0.4147.125\chrome.dll
[0819/225041.534:ERROR:process_memory_win.cc(73)] ReadMemory at 0x7ffc2de10000 of 64 bytes failed: Запрос ReadProcessMemory или WriteProcessMemory был выполнен только частично. (0x12B)
[0819/225041.534:WARNING:pe_image_reader.cc(340)] could not read dos header from C:\Windows\System32\WS2_32.dll
[0819/225041.534:ERROR:process_memory_win.cc(73)] ReadMemory at 0x7ffc2c890000 of 64 bytes failed: Запрос ReadProcessMemory или WriteProcessMemory был выполнен только частично. (0x12B)
[0819/225041.534:WARNING:pe_image_reader.cc(340)] could not read dos header from C:\Windows\System32\OLEAUT32.dll
[0819/225041.534:ERROR:process_memory_win.cc(73)] ReadMemory at 0x7ffc2b9c0000 of 64 bytes failed: Запрос ReadProcessMemory или WriteProcessMemory был выполнен только частично. (0x12B)
[0819/225041.534:WARNING:pe_image_reader.cc(340)] could not read dos header from C:\Windows\System32\msvcp_win.dll
[0819/225041.534:ERROR:process_memory_win.cc(73)] ReadMemory at 0x7ffc2ba60000 of 64 bytes failed: Запрос ReadProcessMemory или WriteProcessMemory был выполнен только частично. (0x12B)
[0819/225041.535:WARNING:pe_image_reader.cc(340)] could not read dos header from C:\Windows\System32\ucrtbase.dll
[0819/225041.535:ERROR:process_memory_win.cc(73)] ReadMemory at 0x1d529eb0000 of 64 bytes failed: Запрос ReadProcessMemory или WriteProcessMemory был выполнен только частично. (0x12B)
[0819/225041.535:WARNING:pe_image_reader.cc(340)] could not read dos header from C:\Windows\System32\combase.dll
[0819/225041.535:ERROR:process_memory_win.cc(73)] ReadMemory at 0x7ffc2b640000 of 64 bytes failed: Запрос ReadProcessMemory или WriteProcessMemory был выполнен только частично. (0x12B)
[0819/225041.535:WARNING:pe_image_reader.cc(340)] could not read dos header from C:\Windows\System32\WINTRUST.dll
[0819/225041.535:ERROR:process_memory_win.cc(73)] ReadMemory at 0x7ffc2b5f0000 of 64 bytes failed: Запрос ReadProcessMemory или WriteProcessMemory был выполнен только частично. (0x12B)
[0819/225041.535:WARNING:pe_image_reader.cc(340)] could not read dos header from C:\Windows\System32\MSASN1.dll
[0819/225041.535:ERROR:process_memory_win.cc(73)] ReadMemory at 0x7ffc2b840000 of 64 bytes failed: Запрос ReadProcessMemory или WriteProcessMemory был выполнен только частично. (0x12B)
[0819/225041.535:WARNING:pe_image_reader.cc(340)] could not read dos header from C:\Windows\System32\CRYPT32.dll
[0819/225041.535:ERROR:process_memory_win.cc(73)] ReadMemory at 0x7ffc2aae0000 of 64 bytes failed: Запрос ReadProcessMemory или WriteProcessMemory был выполнен только частично. (0x12B)
[0819/225041.535:WARNING:pe_image_reader.cc(340)] could not read dos header from C:\Windows\SYSTEM32\IPHLPAPI.DLL
[0819/225041.535:ERROR:process_memory_win.cc(73)] ReadMemory at 0x7ffc20a00000 of 64 bytes failed: Запрос ReadProcessMemory или WriteProcessMemory был выполнен только частично. (0x12B)
[0819/225041.535:WARNING:pe_image_reader.cc(340)] could not read dos header from C:\Windows\SYSTEM32\WINMM.dll
[0819/225041.536:ERROR:process_memory_win.cc(73)] ReadMemory at 0x7ffc2a730000 of 64 bytes failed: Запрос ReadProcessMemory или WriteProcessMemory был выполнен только частично. (0x12B)
[0819/225041.536:WARNING:pe_image_reader.cc(340)] could not read dos header from C:\Windows\SYSTEM32\Secur32.dll
[0819/225041.536:ERROR:process_memory_win.cc(73)] ReadMemory at 0x7ffc2b460000 of 64 bytes failed: Запрос ReadProcessMemory или WriteProcessMemory был выполнен только частично. (0x12B)
[0819/225041.536:WARNING:pe_image_reader.cc(340)] could not read dos header from C:\Windows\SYSTEM32\USERENV.dll
[0819/225041.536:ERROR:process_memory_win.cc(73)] ReadMemory at 0x7ffc2b610000 of 64 bytes failed: Запрос ReadProcessMemory или WriteProcessMemory был выполнен только частично. (0x12B)
[0819/225041.536:WARNING:pe_image_reader.cc(340)] could not read dos header from C:\Windows\System32\profapi.dll
[0819/225041.536:ERROR:process_memory_win.cc(73)] ReadMemory at 0x7ffc0c4c0000 of 64 bytes failed: Запрос ReadProcessMemory или WriteProcessMemory был выполнен только частично. (0x12B)
[0819/225041.536:WARNING:pe_image_reader.cc(340)] could not read dos header from C:\Windows\SYSTEM32\UIAutomationCore.DLL
[0819/225041.536:ERROR:process_memory_win.cc(73)] ReadMemory at 0x7ffc13800000 of 64 bytes failed: Запрос ReadProcessMemory или WriteProcessMemory был выполнен только частично. (0x12B)
[0819/225041.536:WARNING:pe_image_reader.cc(340)] could not read dos header from C:\Windows\SYSTEM32\DWrite.dll
[0819/225041.536:ERROR:process_memory_win.cc(73)] ReadMemory at 0x7ffc1f150000 of 64 bytes failed: Запрос ReadProcessMemory или WriteProcessMemory был выполнен только частично. (0x12B)
[0819/225041.536:WARNING:pe_image_reader.cc(340)] could not read dos header from C:\Windows\SYSTEM32\WINSPOOL.DRV
[0819/225041.537:ERROR:process_memory_win.cc(73)] ReadMemory at 0x7ffc2b5d0000 of 64 bytes failed: Запрос ReadProcessMemory или WriteProcessMemory был выполнен только частично. (0x12B)
[0819/225041.537:WARNING:pe_image_reader.cc(340)] could not read dos header from C:\Windows\System32\kernel.appcore.dll
[0819/225041.537:ERROR:process_memory_win.cc(73)] ReadMemory at 0x7ffc2c3e0000 of 64 bytes failed: Запрос ReadProcessMemory или WriteProcessMemory был выполнен только частично. (0x12B)
[0819/225041.537:WARNING:pe_image_reader.cc(340)] could not read dos header from C:\Windows\System32\bcrypt.dll
[0819/225041.537:ERROR:process_memory_win.cc(73)] ReadMemory at 0x7ffc29d00000 of 64 bytes failed: Запрос ReadProcessMemory или WriteProcessMemory был выполнен только частично. (0x12B)
[0819/225041.537:WARNING:pe_image_reader.cc(340)] could not read dos header from C:\Windows\SYSTEM32\dbghelp.dll
[0819/225041.537:ERROR:process_memory_win.cc(73)] ReadMemory at 0x7ffc25380000 of 64 bytes failed: Запрос ReadProcessMemory или WriteProcessMemory был выполнен только частично. (0x12B)
[0819/225041.537:WARNING:pe_image_reader.cc(340)] could not read dos header from C:\Windows\SYSTEM32\WINHTTP.dll
[0819/225041.537:ERROR:process_memory_win.cc(73)] ReadMemory at 0x7ffc254b0000 of 64 bytes failed: Запрос ReadProcessMemory или WriteProcessMemory был выполнен только частично. (0x12B)
[0819/225041.537:WARNING:pe_image_reader.cc(340)] could not read dos header from C:\Windows\SYSTEM32\dhcpcsvc.DLL
[0819/225041.537:ERROR:process_memory_win.cc(73)] ReadMemory at 0x7ffc2dd50000 of 64 bytes failed: Запрос ReadProcessMemory или WriteProcessMemory был выполнен только частично. (0x12B)
[0819/225041.537:WARNING:pe_image_reader.cc(340)] could not read dos header from C:\Windows\System32\NSI.dll
[0819/225041.537:ERROR:process_memory_win.cc(73)] ReadMemory at 0x7ffc20790000 of 64 bytes failed: Запрос ReadProcessMemory или WriteProcessMemory был выполнен только частично. (0x12B)
[0819/225041.537:WARNING:pe_image_reader.cc(340)] could not read dos header from C:\Windows\SYSTEM32\WINMMBASE.dll
[0819/225041.537:ERROR:process_memory_win.cc(73)] ReadMemory at 0x7ffc2c390000 of 64 bytes failed: Запрос ReadProcessMemory или WriteProcessMemory был выполнен только частично. (0x12B)
[0819/225041.537:WARNING:pe_image_reader.cc(340)] could not read dos header from C:\Windows\System32\cfgmgr32.dll
[0819/225041.537:ERROR:process_memory_win.cc(73)] ReadMemory at 0x7ffc28da0000 of 64 bytes failed: Запрос ReadProcessMemory или WriteProcessMemory был выполнен только частично. (0x12B)
[0819/225041.537:WARNING:pe_image_reader.cc(340)] could not read dos header from C:\Windows\SYSTEM32\PROPSYS.dll
[0819/225041.537:ERROR:process_memory_win.cc(73)] ReadMemory at 0x7ffc2dd60000 of 64 bytes failed: Запрос ReadProcessMemory или WriteProcessMemory был выполнен только частично. (0x12B)
[0819/225041.537:WARNING:pe_image_reader.cc(340)] could not read dos header from C:\Windows\System32\shcore.dll
[0819/225041.538:ERROR:process_memory_win.cc(73)] ReadMemory at 0x7ffc2b490000 of 64 bytes failed: Запрос ReadProcessMemory или WriteProcessMemory был выполнен только частично. (0x12B)
[0819/225041.538:WARNING:pe_image_reader.cc(340)] could not read dos header from C:\Windows\SYSTEM32\SSPICLI.DLL
[0819/225041.538:ERROR:process_memory_win.cc(73)] ReadMemory at 0x7ffc2d100000 of 64 bytes failed: Запрос ReadProcessMemory или WriteProcessMemory был выполнен только частично. (0x12B)
[0819/225041.538:WARNING:pe_image_reader.cc(340)] could not read dos header from C:\Windows\System32\SHELL32.dll
[0819/225041.538:ERROR:process_memory_win.cc(73)] ReadMemory at 0x7ffc2bb60000 of 64 bytes failed: Запрос ReadProcessMemory или WriteProcessMemory был выполнен только частично. (0x12B)
[0819/225041.538:WARNING:pe_image_reader.cc(340)] could not read dos header from C:\Windows\System32\windows.storage.dll
[0819/225041.538:ERROR:process_memory_win.cc(73)] ReadMemory at 0x7ffc2b580000 of 64 bytes failed: Запрос ReadProcessMemory или WriteProcessMemory был выполнен только частично. (0x12B)
[0819/225041.538:WARNING:pe_image_reader.cc(340)] could not read dos header from C:\Windows\System32\powrprof.dll
[0819/225041.538:ERROR:process_memory_win.cc(73)] ReadMemory at 0x7ffc2b570000 of 64 bytes failed: Запрос ReadProcessMemory или WriteProcessMemory был выполнен только частично. (0x12B)
[0819/225041.538:WARNING:pe_image_reader.cc(340)] could not read dos header from C:\Windows\System32\UMPDC.dll
[0819/225041.538:ERROR:process_memory_win.cc(73)] ReadMemory at 0x7ffc2d960000 of 64 bytes failed: Запрос ReadProcessMemory или WriteProcessMemory был выполнен только частично. (0x12B)
[0819/225041.538:WARNING:pe_image_reader.cc(340)] could not read dos header from C:\Windows\System32\shlwapi.dll
[0819/225041.538:ERROR:process_memory_win.cc(73)] ReadMemory at 0x7ffc2d9c0000 of 64 bytes failed: Запрос ReadProcessMemory или WriteProcessMemory был выполнен только частично. (0x12B)
[0819/225041.538:WARNING:pe_image_reader.cc(340)] could not read dos header from C:\Windows\System32\GDI32.dll
[0819/225041.538:ERROR:process_memory_win.cc(73)] ReadMemory at 0x7ffc2b990000 of 64 bytes failed: Запрос ReadProcessMemory или WriteProcessMemory был выполнен только частично. (0x12B)
[0819/225041.538:WARNING:pe_image_reader.cc(340)] could not read dos header from C:\Windows\System32\win32u.dll
[0819/225041.538:ERROR:process_memory_win.cc(73)] ReadMemory at 0x7ffc2b6a0000 of 64 bytes failed: Запрос ReadProcessMemory или WriteProcessMemory был выполнен только частично. (0x12B)
[0819/225041.538:WARNING:pe_image_reader.cc(340)] could not read dos header from C:\Windows\System32\gdi32full.dll
[0819/225041.538:ERROR:process_memory_win.cc(73)] ReadMemory at 0x7ffc2de80000 of 64 bytes failed: Запрос ReadProcessMemory или WriteProcessMemory был выполнен только частично. (0x12B)
[0819/225041.538:WARNING:pe_image_reader.cc(340)] could not read dos header from C:\Windows\System32\USER32.dll
[0819/225041.539:ERROR:process_memory_win.cc(73)] ReadMemory at 0x7ffc2c2f0000 of 64 bytes failed: Запрос ReadProcessMemory или WriteProcessMemory был выполнен только частично. (0x12B)
[0819/225041.539:WARNING:pe_image_reader.cc(340)] could not read dos header from C:\Windows\System32\cryptsp.dll
[0819/225041.539:ERROR:process_memory_win.cc(73)] ReadMemory at 0x7ffc2cbc0000 of 64 bytes failed: Запрос ReadProcessMemory или WriteProcessMemory был выполнен только частично. (0x12B)
[0819/225041.539:WARNING:pe_image_reader.cc(340)] could not read dos header from C:\Windows\System32\IMM32.DLL
[0819/225041.539:ERROR:process_memory_win.cc(73)] ReadMemory at 0x7ffc2afa0000 of 64 bytes failed: Запрос ReadProcessMemory или WriteProcessMemory был выполнен только частично. (0x12B)
[0819/225041.539:WARNING:pe_image_reader.cc(340)] could not read dos header from C:\Windows\SYSTEM32\CRYPTBASE.DLL
[0819/225041.544:ERROR:process_memory_win.cc(73)] ReadMemory at 0x7ff665dd0000 of 64 bytes failed: Запрос ReadProcessMemory или WriteProcessMemory был выполнен только частично. (0x12B)
[0819/225041.544:WARNING:pe_image_reader.cc(340)] could not read dos header from C:\Program Files (x86)\Google\Chrome\Application\chrome.exe
[0819/225041.544:ERROR:process_memory_win.cc(73)] ReadMemory at 0x7ffc2e6c0000 of 64 bytes failed: Запрос ReadProcessMemory или WriteProcessMemory был выполнен только частично. (0x12B)
[0819/225041.544:WARNING:pe_image_reader.cc(340)] could not read dos header from C:\Windows\SYSTEM32\ntdll.dll
[0819/225041.544:ERROR:process_memory_win.cc(73)] ReadMemory at 0x7ffc2cd00000 of 64 bytes failed: Запрос ReadProcessMemory или WriteProcessMemory был выполнен только частично. (0x12B)
[0819/225041.544:WARNING:pe_image_reader.cc(340)] could not read dos header from C:\Windows\System32\KERNEL32.DLL
[0819/225041.544:ERROR:process_memory_win.cc(73)] ReadMemory at 0x7ffc2c410000 of 64 bytes failed: Запрос ReadProcessMemory или WriteProcessMemory был выполнен только частично. (0x12B)
[0819/225041.544:WARNING:pe_image_reader.cc(340)] could not read dos header from C:\Windows\System32\KERNELBASE.dll
[0819/225041.544:ERROR:process_memory_win.cc(73)] ReadMemory at 0x7ffc28ef0000 of 64 bytes failed: Запрос ReadProcessMemory или WriteProcessMemory был выполнен только частично. (0x12B)
[0819/225041.544:WARNING:pe_image_reader.cc(340)] could not read dos header from C:\Windows\SYSTEM32\apphelp.dll
[0819/225041.544:ERROR:process_memory_win.cc(73)] ReadMemory at 0x7ffc007d0000 of 64 bytes failed: Запрос ReadProcessMemory или WriteProcessMemory был выполнен только частично. (0x12B)
[0819/225041.544:WARNING:pe_image_reader.cc(340)] could not read dos header from C:\Program Files (x86)\Google\Chrome\Application\84.0.4147.125\chrome_elf.dll
[0819/225041.544:ERROR:process_memory_win.cc(73)] ReadMemory at 0x7ffc2a720000 of 64 bytes failed: Запрос ReadProcessMemory или WriteProcessMemory был выполнен только частично. (0x12B)
[0819/225041.544:WARNING:pe_image_reader.cc(340)] could not read dos header from C:\Windows\SYSTEM32\VERSION.dll
[0819/225041.544:ERROR:process_memory_win.cc(73)] ReadMemory at 0x7ffc2cc60000 of 64 bytes failed: Запрос ReadProcessMemory или WriteProcessMemory был выполнен только частично. (0x12B)
[0819/225041.544:WARNING:pe_image_reader.cc(340)] could not read dos header from C:\Windows\System32\msvcrt.dll
[0819/225041.545:ERROR:process_memory_win.cc(73)] ReadMemory at 0x7ffc2c310000 of 64 bytes failed: Запрос ReadProcessMemory или WriteProcessMemory был выполнен только частично. (0x12B)
[0819/225041.545:WARNING:pe_image_reader.cc(340)] could not read dos header from C:\Windows\System32\bcryptPrimitives.dll
[0819/225041.545:ERROR:process_memory_win.cc(73)] ReadMemory at 0x7ffc2e020000 of 64 bytes failed: Запрос ReadProcessMemory или WriteProcessMemory был выполнен только частично. (0x12B)
[0819/225041.545:WARNING:pe_image_reader.cc(340)] could not read dos header from C:\Windows\System32\ADVAPI32.dll
[0819/225041.545:ERROR:process_memory_win.cc(73)] ReadMemory at 0x7ffc2d9f0000 of 64 bytes failed: Запрос ReadProcessMemory или WriteProcessMemory был выполнен только частично. (0x12B)
[0819/225041.545:WARNING:pe_image_reader.cc(340)] could not read dos header from C:\Windows\System32\sechost.dll
[0819/225041.545:ERROR:process_memory_win.cc(73)] ReadMemory at 0x7ffc2c770000 of 64 bytes failed: Запрос ReadProcessMemory или WriteProcessMemory был выполнен только частично. (0x12B)
[0819/225041.545:WARNING:pe_image_reader.cc(340)] could not read dos header from C:\Windows\System32\RPCRT4.dll
[0819/225041.545:ERROR:process_memory_win.cc(73)] ReadMemory at 0x7ffbf47f0000 of 64 bytes failed: Запрос ReadProcessMemory или WriteProcessMemory был выполнен только частично. (0x12B)
[0819/225041.545:WARNING:pe_image_reader.cc(340)] could not read dos header from C:\Program Files (x86)\Google\Chrome\Application\84.0.4147.125\chrome.dll
[0819/225041.545:ERROR:process_memory_win.cc(73)] ReadMemory at 0x7ffc2de10000 of 64 bytes failed: Запрос ReadProcessMemory или WriteProcessMemory был выполнен только частично. (0x12B)
[0819/225041.545:WARNING:pe_image_reader.cc(340)] could not read dos header from C:\Windows\System32\WS2_32.dll
[0819/225041.545:ERROR:process_memory_win.cc(73)] ReadMemory at 0x7ffc2c890000 of 64 bytes failed: Запрос ReadProcessMemory или WriteProcessMemory был выполнен только частично. (0x12B)
[0819/225041.545:WARNING:pe_image_reader.cc(340)] could not read dos header from C:\Windows\System32\OLEAUT32.dll
[0819/225041.545:ERROR:process_memory_win.cc(73)] ReadMemory at 0x7ffc2b9c0000 of 64 bytes failed: Запрос ReadProcessMemory или WriteProcessMemory был выполнен только частично. (0x12B)
[0819/225041.545:WARNING:pe_image_reader.cc(340)] could not read dos header from C:\Windows\System32\msvcp_win.dll
[0819/225041.546:ERROR:process_memory_win.cc(73)] ReadMemory at 0x7ffc2ba60000 of 64 bytes failed: Запрос ReadProcessMemory или WriteProcessMemory был выполнен только частично. (0x12B)
[0819/225041.546:WARNING:pe_image_reader.cc(340)] could not read dos header from C:\Windows\System32\ucrtbase.dll
[0819/225041.546:ERROR:process_memory_win.cc(73)] ReadMemory at 0x1d529eb0000 of 64 bytes failed: Запрос ReadProcessMemory или WriteProcessMemory был выполнен только частично. (0x12B)
[0819/225041.546:WARNING:pe_image_reader.cc(340)] could not read dos header from C:\Windows\System32\combase.dll
[0819/225041.546:ERROR:process_memory_win.cc(73)] ReadMemory at 0x7ffc2b640000 of 64 bytes failed: Запрос ReadProcessMemory или WriteProcessMemory был выполнен только частично. (0x12B)
[0819/225041.546:WARNING:pe_image_reader.cc(340)] could not read dos header from C:\Windows\System32\WINTRUST.dll
[0819/225041.546:ERROR:process_memory_win.cc(73)] ReadMemory at 0x7ffc2b5f0000 of 64 bytes failed: Запрос ReadProcessMemory или WriteProcessMemory был выполнен только частично. (0x12B)
[0819/225041.546:WARNING:pe_image_reader.cc(340)] could not read dos header from C:\Windows\System32\MSASN1.dll
[0819/225041.546:ERROR:process_memory_win.cc(73)] ReadMemory at 0x7ffc2b840000 of 64 bytes failed: Запрос ReadProcessMemory или WriteProcessMemory был выполнен только частично. (0x12B)
[0819/225041.546:WARNING:pe_image_reader.cc(340)] could not read dos header from C:\Windows\System32\CRYPT32.dll
[0819/225041.546:ERROR:process_memory_win.cc(73)] ReadMemory at 0x7ffc2aae0000 of 64 bytes failed: Запрос ReadProcessMemory или WriteProcessMemory был выполнен только частично. (0x12B)
[0819/225041.546:WARNING:pe_image_reader.cc(340)] could not read dos header from C:\Windows\SYSTEM32\IPHLPAPI.DLL
[0819/225041.546:ERROR:process_memory_win.cc(73)] ReadMemory at 0x7ffc20a00000 of 64 bytes failed: Запрос ReadProcessMemory или WriteProcessMemory был выполнен только частично. (0x12B)
[0819/225041.546:WARNING:pe_image_reader.cc(340)] could not read dos header from C:\Windows\SYSTEM32\WINMM.dll
[0819/225041.546:ERROR:process_memory_win.cc(73)] ReadMemory at 0x7ffc2a730000 of 64 bytes failed: Запрос ReadProcessMemory или WriteProcessMemory был выполнен только частично. (0x12B)
[0819/225041.546:WARNING:pe_image_reader.cc(340)] could not read dos header from C:\Windows\SYSTEM32\Secur32.dll
[0819/225041.546:ERROR:process_memory_win.cc(73)] ReadMemory at 0x7ffc2b460000 of 64 bytes failed: Запрос ReadProcessMemory или WriteProcessMemory был выполнен только частично. (0x12B)
[0819/225041.546:WARNING:pe_image_reader.cc(340)] could not read dos header from C:\Windows\SYSTEM32\USERENV.dll
[0819/225041.546:ERROR:process_memory_win.cc(73)] ReadMemory at 0x7ffc2b610000 of 64 bytes failed: Запрос ReadProcessMemory или WriteProcessMemory был выполнен только частично. (0x12B)
[0819/225041.546:WARNING:pe_image_reader.cc(340)] could not read dos header from C:\Windows\System32\profapi.dll
[0819/225041.547:ERROR:process_memory_win.cc(73)] ReadMemory at 0x7ffc0c4c0000 of 64 bytes failed: Запрос ReadProcessMemory или WriteProcessMemory был выполнен только частично. (0x12B)
[0819/225041.547:WARNING:pe_image_reader.cc(340)] could not read dos header from C:\Windows\SYSTEM32\UIAutomationCore.DLL
[0819/225041.547:ERROR:process_memory_win.cc(73)] ReadMemory at 0x7ffc13800000 of 64 bytes failed: Запрос ReadProcessMemory или WriteProcessMemory был выполнен только частично. (0x12B)
[0819/225041.547:WARNING:pe_image_reader.cc(340)] could not read dos header from C:\Windows\SYSTEM32\DWrite.dll
[0819/225041.547:ERROR:process_memory_win.cc(73)] ReadMemory at 0x7ffc1f150000 of 64 bytes failed: Запрос ReadProcessMemory или WriteProcessMemory был выполнен только частично. (0x12B)
[0819/225041.547:WARNING:pe_image_reader.cc(340)] could not read dos header from C:\Windows\SYSTEM32\WINSPOOL.DRV
[0819/225041.547:ERROR:process_memory_win.cc(73)] ReadMemory at 0x7ffc2b5d0000 of 64 bytes failed: Запрос ReadProcessMemory или WriteProcessMemory был выполнен только частично. (0x12B)
[0819/225041.547:WARNING:pe_image_reader.cc(340)] could not read dos header from C:\Windows\System32\kernel.appcore.dll
[0819/225041.547:ERROR:process_memory_win.cc(73)] ReadMemory at 0x7ffc2c3e0000 of 64 bytes failed: Запрос ReadProcessMemory или WriteProcessMemory был выполнен только частично. (0x12B)
[0819/225041.547:WARNING:pe_image_reader.cc(340)] could not read dos header from C:\Windows\System32\bcrypt.dll
[0819/225041.547:ERROR:process_memory_win.cc(73)] ReadMemory at 0x7ffc29d00000 of 64 bytes failed: Запрос ReadProcessMemory или WriteProcessMemory был выполнен только частично. (0x12B)
[0819/225041.547:WARNING:pe_image_reader.cc(340)] could not read dos header from C:\Windows\SYSTEM32\dbghelp.dll
[0819/225041.547:ERROR:process_memory_win.cc(73)] ReadMemory at 0x7ffc25380000 of 64 bytes failed: Запрос ReadProcessMemory или WriteProcessMemory был выполнен только частично. (0x12B)
[0819/225041.547:WARNING:pe_image_reader.cc(340)] could not read dos header from C:\Windows\SYSTEM32\WINHTTP.dll
[0819/225041.547:ERROR:process_memory_win.cc(73)] ReadMemory at 0x7ffc254b0000 of 64 bytes failed: Запрос ReadProcessMemory или WriteProcessMemory был выполнен только частично. (0x12B)
[0819/225041.547:WARNING:pe_image_reader.cc(340)] could not read dos header from C:\Windows\SYSTEM32\dhcpcsvc.DLL
[0819/225041.547:ERROR:process_memory_win.cc(73)] ReadMemory at 0x7ffc2dd50000 of 64 bytes failed: Запрос ReadProcessMemory или WriteProcessMemory был выполнен только частично. (0x12B)
[0819/225041.548:WARNING:pe_image_reader.cc(340)] could not read dos header from C:\Windows\System32\NSI.dll
[0819/225041.548:ERROR:process_memory_win.cc(73)] ReadMemory at 0x7ffc20790000 of 64 bytes failed: Запрос ReadProcessMemory или WriteProcessMemory был выполнен только частично. (0x12B)
[0819/225041.548:WARNING:pe_image_reader.cc(340)] could not read dos header from C:\Windows\SYSTEM32\WINMMBASE.dll
[0819/225041.548:ERROR:process_memory_win.cc(73)] ReadMemory at 0x7ffc2c390000 of 64 bytes failed: Запрос ReadProcessMemory или WriteProcessMemory был выполнен только частично. (0x12B)
[0819/225041.548:WARNING:pe_image_reader.cc(340)] could not read dos header from C:\Windows\System32\cfgmgr32.dll
[0819/225041.548:ERROR:process_memory_win.cc(73)] ReadMemory at 0x7ffc28da0000 of 64 bytes failed: Запрос ReadProcessMemory или WriteProcessMemory был выполнен только частично. (0x12B)
[0819/225041.548:WARNING:pe_image_reader.cc(340)] could not read dos header from C:\Windows\SYSTEM32\PROPSYS.dll
[0819/225041.548:ERROR:process_memory_win.cc(73)] ReadMemory at 0x7ffc2dd60000 of 64 bytes failed: Запрос ReadProcessMemory или WriteProcessMemory был выполнен только частично. (0x12B)
[0819/225041.548:WARNING:pe_image_reader.cc(340)] could not read dos header from C:\Windows\System32\shcore.dll
[0819/225041.548:ERROR:process_memory_win.cc(73)] ReadMemory at 0x7ffc2b490000 of 64 bytes failed: Запрос ReadProcessMemory или WriteProcessMemory был выполнен только частично. (0x12B)
[0819/225041.548:WARNING:pe_image_reader.cc(340)] could not read dos header from C:\Windows\SYSTEM32\SSPICLI.DLL
[0819/225041.548:ERROR:process_memory_win.cc(73)] ReadMemory at 0x7ffc2d100000 of 64 bytes failed: Запрос ReadProcessMemory или WriteProcessMemory был выполнен только частично. (0x12B)
[0819/225041.548:WARNING:pe_image_reader.cc(340)] could not read dos header from C:\Windows\System32\SHELL32.dll
[0819/225041.548:ERROR:process_memory_win.cc(73)] ReadMemory at 0x7ffc2bb60000 of 64 bytes failed: Запрос ReadProcessMemory или WriteProcessMemory был выполнен только частично. (0x12B)
[0819/225041.548:WARNING:pe_image_reader.cc(340)] could not read dos header from C:\Windows\System32\windows.storage.dll
[0819/225041.548:ERROR:process_memory_win.cc(73)] ReadMemory at 0x7ffc2b580000 of 64 bytes failed: Запрос ReadProcessMemory или WriteProcessMemory был выполнен только частично. (0x12B)
[0819/225041.548:WARNING:pe_image_reader.cc(340)] could not read dos header from C:\Windows\System32\powrprof.dll
[0819/225041.548:ERROR:process_memory_win.cc(73)] ReadMemory at 0x7ffc2b570000 of 64 bytes failed: Запрос ReadProcessMemory или WriteProcessMemory был выполнен только частично. (0x12B)
[0819/225041.548:WARNING:pe_image_reader.cc(340)] could not read dos header from C:\Windows\System32\UMPDC.dll
[0819/225041.549:ERROR:process_memory_win.cc(73)] ReadMemory at 0x7ffc2d960000 of 64 bytes failed: Запрос ReadProcessMemory или WriteProcessMemory был выполнен только частично. (0x12B)
[0819/225041.549:WARNING:pe_image_reader.cc(340)] could not read dos header from C:\Windows\System32\shlwapi.dll
[0819/225041.549:ERROR:process_memory_win.cc(73)] ReadMemory at 0x7ffc2d9c0000 of 64 bytes failed: Запрос ReadProcessMemory или WriteProcessMemory был выполнен только частично. (0x12B)
[0819/225041.549:WARNING:pe_image_reader.cc(340)] could not read dos header from C:\Windows\System32\GDI32.dll
[0819/225041.549:ERROR:process_memory_win.cc(73)] ReadMemory at 0x7ffc2b990000 of 64 bytes failed: Запрос ReadProcessMemory или WriteProcessMemory был выполнен только частично. (0x12B)
[0819/225041.549:WARNING:pe_image_reader.cc(340)] could not read dos header from C:\Windows\System32\win32u.dll
[0819/225041.549:ERROR:process_memory_win.cc(73)] ReadMemory at 0x7ffc2b6a0000 of 64 bytes failed: Запрос ReadProcessMemory или WriteProcessMemory был выполнен только частично. (0x12B)
[0819/225041.549:WARNING:pe_image_reader.cc(340)] could not read dos header from C:\Windows\System32\gdi32full.dll
[0819/225041.549:ERROR:process_memory_win.cc(73)] ReadMemory at 0x7ffc2de80000 of 64 bytes failed: Запрос ReadProcessMemory или WriteProcessMemory был выполнен только частично. (0x12B)
[0819/225041.549:WARNING:pe_image_reader.cc(340)] could not read dos header from C:\Windows\System32\USER32.dll
[0819/225041.549:ERROR:process_memory_win.cc(73)] ReadMemory at 0x7ffc2c2f0000 of 64 bytes failed: Запрос ReadProcessMemory или WriteProcessMemory был выполнен только частично. (0x12B)
[0819/225041.549:WARNING:pe_image_reader.cc(340)] could not read dos header from C:\Windows\System32\cryptsp.dll
[0819/225041.549:ERROR:process_memory_win.cc(73)] ReadMemory at 0x7ffc2cbc0000 of 64 bytes failed: Запрос ReadProcessMemory или WriteProcessMemory был выполнен только частично. (0x12B)
[0819/225041.549:WARNING:pe_image_reader.cc(340)] could not read dos header from C:\Windows\System32\IMM32.DLL
[0819/225041.549:ERROR:process_memory_win.cc(73)] ReadMemory at 0x7ffc2afa0000 of 64 bytes failed: Запрос ReadProcessMemory или WriteProcessMemory был выполнен только частично. (0x12B)
[0819/225041.549:WARNING:pe_image_reader.cc(340)] could not read dos header from C:\Windows\SYSTEM32\CRYPTBASE.DLL
[0819/225041.549:ERROR:process_memory_win.cc(73)] ReadMemory at 0x7ff665dd0000 of 64 bytes failed: Запрос ReadProcessMemory или WriteProcessMemory был выполнен только частично. (0x12B)
[0819/225041.549:WARNING:pe_image_reader.cc(340)] could not read dos header from C:\Program Files (x86)\Google\Chrome\Application\chrome.exe
[0819/225041.549:ERROR:process_memory_win.cc(73)] ReadMemory at 0x7ffc2e6c0000 of 64 bytes failed: Запрос ReadProcessMemory или WriteProcessMemory был выполнен только частично. (0x12B)
[0819/225041.550:WARNING:pe_image_reader.cc(340)] could not read dos header from C:\Windows\SYSTEM32\ntdll.dll
[0819/225041.550:ERROR:process_memory_win.cc(73)] ReadMemory at 0x7ffc2cd00000 of 64 bytes failed: Запрос ReadProcessMemory или WriteProcessMemory был выполнен только частично. (0x12B)
[0819/225041.550:WARNING:pe_image_reader.cc(340)] could not read dos header from C:\Windows\System32\KERNEL32.DLL
[0819/225041.550:ERROR:process_memory_win.cc(73)] ReadMemory at 0x7ffc2c410000 of 64 bytes failed: Запрос ReadProcessMemory или WriteProcessMemory был выполнен только частично. (0x12B)
[0819/225041.550:WARNING:pe_image_reader.cc(340)] could not read dos header from C:\Windows\System32\KERNELBASE.dll
[0819/225041.550:ERROR:process_memory_win.cc(73)] ReadMemory at 0x7ffc28ef0000 of 64 bytes failed: Запрос ReadProcessMemory или WriteProcessMemory был выполнен только частично. (0x12B)
[0819/225041.550:WARNING:pe_image_reader.cc(340)] could not read dos header from C:\Windows\SYSTEM32\apphelp.dll
[0819/225041.550:ERROR:process_memory_win.cc(73)] ReadMemory at 0x7ffc007d0000 of 64 bytes failed: Запрос ReadProcessMemory или WriteProcessMemory был выполнен только частично. (0x12B)
[0819/225041.550:WARNING:pe_image_reader.cc(340)] could not read dos header from C:\Program Files (x86)\Google\Chrome\Application\84.0.4147.125\chrome_elf.dll
[0819/225041.550:ERROR:process_memory_win.cc(73)] ReadMemory at 0x7ffc2a720000 of 64 bytes failed: Запрос ReadProcessMemory или WriteProcessMemory был выполнен только частично. (0x12B)
[0819/225041.550:WARNING:pe_image_reader.cc(340)] could not read dos header from C:\Windows\SYSTEM32\VERSION.dll
[0819/225041.550:ERROR:process_memory_win.cc(73)] ReadMemory at 0x7ffc2cc60000 of 64 bytes failed: Запрос ReadProcessMemory или WriteProcessMemory был выполнен только частично. (0x12B)
[0819/225041.550:WARNING:pe_image_reader.cc(340)] could not read dos header from C:\Windows\System32\msvcrt.dll
[0819/225041.550:ERROR:process_memory_win.cc(73)] ReadMemory at 0x7ffc2c310000 of 64 bytes failed: Запрос ReadProcessMemory или WriteProcessMemory был выполнен только частично. (0x12B)
[0819/225041.550:WARNING:pe_image_reader.cc(340)] could not read dos header from C:\Windows\System32\bcryptPrimitives.dll
[0819/225041.550:ERROR:process_memory_win.cc(73)] ReadMemory at 0x7ffc2e020000 of 64 bytes failed: Запрос ReadProcessMemory или WriteProcessMemory был выполнен только частично. (0x12B)
[0819/225041.550:WARNING:pe_image_reader.cc(340)] could not read dos header from C:\Windows\System32\ADVAPI32.dll
[0819/225041.550:ERROR:process_memory_win.cc(73)] ReadMemory at 0x7ffc2d9f0000 of 64 bytes failed: Запрос ReadProcessMemory или WriteProcessMemory был выполнен только частично. (0x12B)
[0819/225041.551:WARNING:pe_image_reader.cc(340)] could not read dos header from C:\Windows\System32\sechost.dll
[0819/225041.551:ERROR:process_memory_win.cc(73)] ReadMemory at 0x7ffc2c770000 of 64 bytes failed: Запрос ReadProcessMemory или WriteProcessMemory был выполнен только частично. (0x12B)
[0819/225041.551:WARNING:pe_image_reader.cc(340)] could not read dos header from C:\Windows\System32\RPCRT4.dll
[0819/225041.551:ERROR:process_memory_win.cc(73)] ReadMemory at 0x7ffbf47f0000 of 64 bytes failed: Запрос ReadProcessMemory или WriteProcessMemory был выполнен только частично. (0x12B)
[0819/225041.551:WARNING:pe_image_reader.cc(340)] could not read dos header from C:\Program Files (x86)\Google\Chrome\Application\84.0.4147.125\chrome.dll
[0819/225041.551:ERROR:process_memory_win.cc(73)] ReadMemory at 0x7ffc2de10000 of 64 bytes failed: Запрос ReadProcessMemory или WriteProcessMemory был выполнен только частично. (0x12B)
[0819/225041.551:WARNING:pe_image_reader.cc(340)] could not read dos header from C:\Windows\System32\WS2_32.dll
[0819/225041.551:ERROR:process_memory_win.cc(73)] ReadMemory at 0x7ffc2c890000 of 64 bytes failed: Запрос ReadProcessMemory или WriteProcessMemory был выполнен только частично. (0x12B)
[0819/225041.551:WARNING:pe_image_reader.cc(340)] could not read dos header from C:\Windows\System32\OLEAUT32.dll
[0819/225041.551:ERROR:process_memory_win.cc(73)] ReadMemory at 0x7ffc2b9c0000 of 64 bytes failed: Запрос ReadProcessMemory или WriteProcessMemory был выполнен только частично. (0x12B)
[0819/225041.551:WARNING:pe_image_reader.cc(340)] could not read dos header from C:\Windows\System32\msvcp_win.dll
[0819/225041.551:ERROR:process_memory_win.cc(73)] ReadMemory at 0x7ffc2ba60000 of 64 bytes failed: Запрос ReadProcessMemory или WriteProcessMemory был выполнен только частично. (0x12B)
[0819/225041.551:WARNING:pe_image_reader.cc(340)] could not read dos header from C:\Windows\System32\ucrtbase.dll
[0819/225041.551:ERROR:process_memory_win.cc(73)] ReadMemory at 0x1d529eb0000 of 64 bytes failed: Запрос ReadProcessMemory или WriteProcessMemory был выполнен только частично. (0x12B)
[0819/225041.551:WARNING:pe_image_reader.cc(340)] could not read dos header from C:\Windows\System32\combase.dll
[0819/225041.551:ERROR:process_memory_win.cc(73)] ReadMemory at 0x7ffc2b640000 of 64 bytes failed: Запрос ReadProcessMemory или WriteProcessMemory был выполнен только частично. (0x12B)
[0819/225041.551:WARNING:pe_image_reader.cc(340)] could not read dos header from C:\Windows\System32\WINTRUST.dll
[0819/225041.551:ERROR:process_memory_win.cc(73)] ReadMemory at 0x7ffc2b5f0000 of 64 bytes failed: Запрос ReadProcessMemory или WriteProcessMemory был выполнен только частично. (0x12B)
[0819/225041.551:WARNING:pe_image_reader.cc(340)] could not read dos header from C:\Windows\System32\MSASN1.dll
[0819/225041.551:ERROR:process_memory_win.cc(73)] ReadMemory at 0x7ffc2b840000 of 64 bytes failed: Запрос ReadProcessMemory или WriteProcessMemory был выполнен только частично. (0x12B)
[0819/225041.551:WARNING:pe_image_reader.cc(340)] could not read dos header from C:\Windows\System32\CRYPT32.dll
[0819/225041.552:ERROR:process_memory_win.cc(73)] ReadMemory at 0x7ffc2aae0000 of 64 bytes failed: Запрос ReadProcessMemory или WriteProcessMemory был выполнен только частично. (0x12B)
[0819/225041.552:WARNING:pe_image_reader.cc(340)] could not read dos header from C:\Windows\SYSTEM32\IPHLPAPI.DLL
[0819/225041.552:ERROR:process_memory_win.cc(73)] ReadMemory at 0x7ffc20a00000 of 64 bytes failed: Запрос ReadProcessMemory или WriteProcessMemory был выполнен только частично. (0x12B)
[0819/225041.552:WARNING:pe_image_reader.cc(340)] could not read dos header from C:\Windows\SYSTEM32\WINMM.dll
[0819/225041.552:ERROR:process_memory_win.cc(73)] ReadMemory at 0x7ffc2a730000 of 64 bytes failed: Запрос ReadProcessMemory или WriteProcessMemory был выполнен только частично. (0x12B)
[0819/225041.552:WARNING:pe_image_reader.cc(340)] could not read dos header from C:\Windows\SYSTEM32\Secur32.dll
[0819/225041.552:ERROR:process_memory_win.cc(73)] ReadMemory at 0x7ffc2b460000 of 64 bytes failed: Запрос ReadProcessMemory или WriteProcessMemory был выполнен только частично. (0x12B)
[0819/225041.552:WARNING:pe_image_reader.cc(340)] could not read dos header from C:\Windows\SYSTEM32\USERENV.dll
[0819/225041.552:ERROR:process_memory_win.cc(73)] ReadMemory at 0x7ffc2b610000 of 64 bytes failed: Запрос ReadProcessMemory или WriteProcessMemory был выполнен только частично. (0x12B)
[0819/225041.552:WARNING:pe_image_reader.cc(340)] could not read dos header from C:\Windows\System32\profapi.dll
[0819/225041.552:ERROR:process_memory_win.cc(73)] ReadMemory at 0x7ffc0c4c0000 of 64 bytes failed: Запрос ReadProcessMemory или WriteProcessMemory был выполнен только частично. (0x12B)
[0819/225041.552:WARNING:pe_image_reader.cc(340)] could not read dos header from C:\Windows\SYSTEM32\UIAutomationCore.DLL
[0819/225041.552:ERROR:process_memory_win.cc(73)] ReadMemory at 0x7ffc13800000 of 64 bytes failed: Запрос ReadProcessMemory или WriteProcessMemory был выполнен только частично. (0x12B)
[0819/225041.552:WARNING:pe_image_reader.cc(340)] could not read dos header from C:\Windows\SYSTEM32\DWrite.dll
[0819/225041.552:ERROR:process_memory_win.cc(73)] ReadMemory at 0x7ffc1f150000 of 64 bytes failed: Запрос ReadProcessMemory или WriteProcessMemory был выполнен только частично. (0x12B)
[0819/225041.552:WARNING:pe_image_reader.cc(340)] could not read dos header from C:\Windows\SYSTEM32\WINSPOOL.DRV
[0819/225041.552:ERROR:process_memory_win.cc(73)] ReadMemory at 0x7ffc2b5d0000 of 64 bytes failed: Запрос ReadProcessMemory или WriteProcessMemory был выполнен только частично. (0x12B)
[0819/225041.552:WARNING:pe_image_reader.cc(340)] could not read dos header from C:\Windows\System32\kernel.appcore.dll
[0819/225041.552:ERROR:process_memory_win.cc(73)] ReadMemory at 0x7ffc2c3e0000 of 64 bytes failed: Запрос ReadProcessMemory или WriteProcessMemory был выполнен только частично. (0x12B)
[0819/225041.552:WARNING:pe_image_reader.cc(340)] could not read dos header from C:\Windows\System32\bcrypt.dll
[0819/225041.552:ERROR:process_memory_win.cc(73)] ReadMemory at 0x7ffc29d00000 of 64 bytes failed: Запрос ReadProcessMemory или WriteProcessMemory был выполнен только частично. (0x12B)
[0819/225041.552:WARNING:pe_image_reader.cc(340)] could not read dos header from C:\Windows\SYSTEM32\dbghelp.dll
[0819/225041.553:ERROR:process_memory_win.cc(73)] ReadMemory at 0x7ffc25380000 of 64 bytes failed: Запрос ReadProcessMemory или WriteProcessMemory был выполнен только частично. (0x12B)
[0819/225041.553:WARNING:pe_image_reader.cc(340)] could not read dos header from C:\Windows\SYSTEM32\WINHTTP.dll
[0819/225041.553:ERROR:process_memory_win.cc(73)] ReadMemory at 0x7ffc254b0000 of 64 bytes failed: Запрос ReadProcessMemory или WriteProcessMemory был выполнен только частично. (0x12B)
[0819/225041.553:WARNING:pe_image_reader.cc(340)] could not read dos header from C:\Windows\SYSTEM32\dhcpcsvc.DLL
[0819/225041.553:ERROR:process_memory_win.cc(73)] ReadMemory at 0x7ffc2dd50000 of 64 bytes failed: Запрос ReadProcessMemory или WriteProcessMemory был выполнен только частично. (0x12B)
[0819/225041.553:WARNING:pe_image_reader.cc(340)] could not read dos header from C:\Windows\System32\NSI.dll
[0819/225041.553:ERROR:process_memory_win.cc(73)] ReadMemory at 0x7ffc20790000 of 64 bytes failed: Запрос ReadProcessMemory или WriteProcessMemory был выполнен только частично. (0x12B)
[0819/225041.553:WARNING:pe_image_reader.cc(340)] could not read dos header from C:\Windows\SYSTEM32\WINMMBASE.dll
[0819/225041.553:ERROR:process_memory_win.cc(73)] ReadMemory at 0x7ffc2c390000 of 64 bytes failed: Запрос ReadProcessMemory или WriteProcessMemory был выполнен только частично. (0x12B)
[0819/225041.553:WARNING:pe_image_reader.cc(340)] could not read dos header from C:\Windows\System32\cfgmgr32.dll
[0819/225041.553:ERROR:process_memory_win.cc(73)] ReadMemory at 0x7ffc28da0000 of 64 bytes failed: Запрос ReadProcessMemory или WriteProcessMemory был выполнен только частично. (0x12B)
[0819/225041.553:WARNING:pe_image_reader.cc(340)] could not read dos header from C:\Windows\SYSTEM32\PROPSYS.dll
[0819/225041.553:ERROR:process_memory_win.cc(73)] ReadMemory at 0x7ffc2dd60000 of 64 bytes failed: Запрос ReadProcessMemory или WriteProcessMemory был выполнен только частично. (0x12B)
[0819/225041.553:WARNING:pe_image_reader.cc(340)] could not read dos header from C:\Windows\System32\shcore.dll
[0819/225041.553:ERROR:process_memory_win.cc(73)] ReadMemory at 0x7ffc2b490000 of 64 bytes failed: Запрос ReadProcessMemory или WriteProcessMemory был выполнен только частично. (0x12B)
[0819/225041.553:WARNING:pe_image_reader.cc(340)] could not read dos header from C:\Windows\SYSTEM32\SSPICLI.DLL
[0819/225041.553:ERROR:process_memory_win.cc(73)] ReadMemory at 0x7ffc2d100000 of 64 bytes failed: Запрос ReadProcessMemory или WriteProcessMemory был выполнен только частично. (0x12B)
[0819/225041.553:WARNING:pe_image_reader.cc(340)] could not read dos header from C:\Windows\System32\SHELL32.dll
[0819/225041.553:ERROR:process_memory_win.cc(73)] ReadMemory at 0x7ffc2bb60000 of 64 bytes failed: Запрос ReadProcessMemory или WriteProcessMemory был выполнен только частично. (0x12B)
[0819/225041.553:WARNING:pe_image_reader.cc(340)] could not read dos header from C:\Windows\System32\windows.storage.dll
[0819/225041.554:ERROR:process_memory_win.cc(73)] ReadMemory at 0x7ffc2b580000 of 64 bytes failed: Запрос ReadProcessMemory или WriteProcessMemory был выполнен только частично. (0x12B)
[0819/225041.554:WARNING:pe_image_reader.cc(340)] could not read dos header from C:\Windows\System32\powrprof.dll
[0819/225041.554:ERROR:process_memory_win.cc(73)] ReadMemory at 0x7ffc2b570000 of 64 bytes failed: Запрос ReadProcessMemory или WriteProcessMemory был выполнен только частично. (0x12B)
[0819/225041.554:WARNING:pe_image_reader.cc(340)] could not read dos header from C:\Windows\System32\UMPDC.dll
[0819/225041.554:ERROR:process_memory_win.cc(73)] ReadMemory at 0x7ffc2d960000 of 64 bytes failed: Запрос ReadProcessMemory или WriteProcessMemory был выполнен только частично. (0x12B)
[0819/225041.554:WARNING:pe_image_reader.cc(340)] could not read dos header from C:\Windows\System32\shlwapi.dll
[0819/225041.554:ERROR:process_memory_win.cc(73)] ReadMemory at 0x7ffc2d9c0000 of 64 bytes failed: Запрос ReadProcessMemory или WriteProcessMemory был выполнен только частично. (0x12B)
[0819/225041.554:WARNING:pe_image_reader.cc(340)] could not read dos header from C:\Windows\System32\GDI32.dll
[0819/225041.554:ERROR:process_memory_win.cc(73)] ReadMemory at 0x7ffc2b990000 of 64 bytes failed: Запрос ReadProcessMemory или WriteProcessMemory был выполнен только частично. (0x12B)
[0819/225041.554:WARNING:pe_image_reader.cc(340)] could not read dos header from C:\Windows\System32\win32u.dll
[0819/225041.554:ERROR:process_memory_win.cc(73)] ReadMemory at 0x7ffc2b6a0000 of 64 bytes failed: Запрос ReadProcessMemory или WriteProcessMemory был выполнен только частично. (0x12B)
[0819/225041.554:WARNING:pe_image_reader.cc(340)] could not read dos header from C:\Windows\System32\gdi32full.dll
[0819/225041.554:ERROR:process_memory_win.cc(73)] ReadMemory at 0x7ffc2de80000 of 64 bytes failed: Запрос ReadProcessMemory или WriteProcessMemory был выполнен только частично. (0x12B)
[0819/225041.554:WARNING:pe_image_reader.cc(340)] could not read dos header from C:\Windows\System32\USER32.dll
[0819/225041.554:ERROR:process_memory_win.cc(73)] ReadMemory at 0x7ffc2c2f0000 of 64 bytes failed: Запрос ReadProcessMemory или WriteProcessMemory был выполнен только частично. (0x12B)
[0819/225041.554:WARNING:pe_image_reader.cc(340)] could not read dos header from C:\Windows\System32\cryptsp.dll
[0819/225041.554:ERROR:process_memory_win.cc(73)] ReadMemory at 0x7ffc2cbc0000 of 64 bytes failed: Запрос ReadProcessMemory или WriteProcessMemory был выполнен только частично. (0x12B)
[0819/225041.554:WARNING:pe_image_reader.cc(340)] could not read dos header from C:\Windows\System32\IMM32.DLL
[0819/225041.555:ERROR:process_memory_win.cc(73)] ReadMemory at 0x7ffc2afa0000 of 64 bytes failed: Запрос ReadProcessMemory или WriteProcessMemory был выполнен только частично. (0x12B)
[0819/225041.555:WARNING:pe_image_reader.cc(340)] could not read dos header from C:\Windows\SYSTEM32\CRYPTBASE.DLL
[0819/225041.577:ERROR:process_memory_win.cc(73)] ReadMemory at 0xc56cfed000 of 77824 bytes failed: Запрос ReadProcessMemory или WriteProcessMemory был выполнен только частично. (0x12B)
[0819/225041.577:ERROR:process_memory_win.cc(73)] ReadMemory at 0xc56d7fd000 of 12288 bytes failed: Запрос ReadProcessMemory или WriteProcessMemory был выполнен только частично. (0x12B)
[0819/225041.577:ERROR:process_memory_win.cc(73)] ReadMemory at 0xc56e7fc000 of 16384 bytes failed: Запрос ReadProcessMemory или WriteProcessMemory был выполнен только частично. (0x12B)
[0819/225041.577:ERROR:process_memory_win.cc(73)] ReadMemory at 0xc56effc000 of 16384 bytes failed: Запрос ReadProcessMemory или WriteProcessMemory был выполнен только частично. (0x12B)
[0819/225041.577:ERROR:process_memory_win.cc(73)] ReadMemory at 0xc56f7fe000 of 8192 bytes failed: Запрос ReadProcessMemory или WriteProcessMemory был выполнен только частично. (0x12B)
[0819/225041.578:ERROR:process_memory_win.cc(73)] ReadMemory at 0xc56fffd000 of 12288 bytes failed: Запрос ReadProcessMemory или WriteProcessMemory был выполнен только частично. (0x12B)
[0819/225041.578:ERROR:process_memory_win.cc(73)] ReadMemory at 0xc5707fb000 of 20480 bytes failed: Запрос ReadProcessMemory или WriteProcessMemory был выполнен только частично. (0x12B)
[0819/225041.578:ERROR:process_memory_win.cc(73)] ReadMemory at 0xc570ffd000 of 12288 bytes failed: Запрос ReadProcessMemory или WriteProcessMemory был выполнен только частично. (0x12B)
[0819/225041.578:ERROR:process_memory_win.cc(73)] ReadMemory at 0xc5717f6000 of 40960 bytes failed: Запрос ReadProcessMemory или WriteProcessMemory был выполнен только частично. (0x12B)
[0819/225041.578:ERROR:process_memory_win.cc(73)] ReadMemory at 0xc571ff5000 of 45056 bytes failed: Запрос ReadProcessMemory или WriteProcessMemory был выполнен только частично. (0x12B)
[0819/225041.579:ERROR:process_memory_win.cc(73)] ReadMemory at 0xc5727fc000 of 16384 bytes failed: Запрос ReadProcessMemory или WriteProcessMemory был выполнен только частично. (0x12B)
[0819/225041.579:ERROR:process_memory_win.cc(73)] ReadMemory at 0xc572ffd000 of 12288 bytes failed: Запрос ReadProcessMemory или WriteProcessMemory был выполнен только частично. (0x12B)
[0819/225041.579:ERROR:process_memory_win.cc(73)] ReadMemory at 0xc573ffc000 of 16384 bytes failed: Запрос ReadProcessMemory или WriteProcessMemory был выполнен только частично. (0x12B)
[0819/225041.579:ERROR:process_memory_win.cc(73)] ReadMemory at 0xc5737fc000 of 16384 bytes failed: Запрос ReadProcessMemory или WriteProcessMemory был выполнен только частично. (0x12B)
[0819/225041.579:ERROR:process_memory_win.cc(73)] ReadMemory at 0xc56dffd000 of 12288 bytes failed: Запрос ReadProcessMemory или WriteProcessMemory был выполнен только частично. (0x12B)
[0819/225041.579:ERROR:process_memory_win.cc(73)] ReadMemory at 0xc56c681000 of 852 bytes failed: Запрос ReadProcessMemory или WriteProcessMemory был выполнен только частично. (0x12B)
[0819/225041.579:ERROR:process_memory_win.cc(73)] ReadMemory at 0xc56c682000 of 6024 bytes failed: Запрос ReadProcessMemory или WriteProcessMemory был выполнен только частично. (0x12B)
[0819/225041.580:ERROR:process_memory_win.cc(73)] ReadMemory at 0xc56c684000 of 6024 bytes failed: Запрос ReadProcessMemory или WriteProcessMemory был выполнен только частично. (0x12B)
[0819/225041.580:ERROR:process_memory_win.cc(73)] ReadMemory at 0xc56c688000 of 6024 bytes failed: Запрос ReadProcessMemory или WriteProcessMemory был выполнен только частично. (0x12B)
[0819/225041.580:ERROR:process_memory_win.cc(73)] ReadMemory at 0xc56c68a000 of 6024 bytes failed: Запрос ReadProcessMemory или WriteProcessMemory был выполнен только частично. (0x12B)
[0819/225041.580:ERROR:process_memory_win.cc(73)] ReadMemory at 0xc56c68c000 of 6024 bytes failed: Запрос ReadProcessMemory или WriteProcessMemory был выполнен только частично. (0x12B)
[0819/225041.580:ERROR:process_memory_win.cc(73)] ReadMemory at 0xc56c68e000 of 6024 bytes failed: Запрос ReadProcessMemory или WriteProcessMemory был выполнен только частично. (0x12B)
[0819/225041.580:ERROR:process_memory_win.cc(73)] ReadMemory at 0xc56c690000 of 6024 bytes failed: Запрос ReadProcessMemory или WriteProcessMemory был выполнен только частично. (0x12B)
[0819/225041.581:ERROR:process_memory_win.cc(73)] ReadMemory at 0xc56c692000 of 6024 bytes failed: Запрос ReadProcessMemory или WriteProcessMemory был выполнен только частично. (0x12B)
[0819/225041.581:ERROR:process_memory_win.cc(73)] ReadMemory at 0xc56c694000 of 6024 bytes failed: Запрос ReadProcessMemory или WriteProcessMemory был выполнен только частично. (0x12B)
[0819/225041.581:ERROR:process_memory_win.cc(73)] ReadMemory at 0xc56c696000 of 6024 bytes failed: Запрос ReadProcessMemory или WriteProcessMemory был выполнен только частично. (0x12B)
[0819/225041.581:ERROR:process_memory_win.cc(73)] ReadMemory at 0xc56c698000 of 6024 bytes failed: Запрос ReadProcessMemory или WriteProcessMemory был выполнен только частично. (0x12B)
[0819/225041.581:ERROR:process_memory_win.cc(73)] ReadMemory at 0xc56c6a0000 of 6024 bytes failed: Запрос ReadProcessMemory или WriteProcessMemory был выполнен только частично. (0x12B)
[0819/225041.581:ERROR:process_memory_win.cc(73)] ReadMemory at 0xc56c6be000 of 6024 bytes failed: Запрос ReadProcessMemory или WriteProcessMemory был выполнен только частично. (0x12B)
[0819/225041.582:ERROR:process_memory_win.cc(73)] ReadMemory at 0xc56c6c0000 of 6024 bytes failed: Запрос ReadProcessMemory или WriteProcessMemory был выполнен только частично. (0x12B)
[0819/225041.582:ERROR:process_memory_win.cc(73)] ReadMemory at 0xc56c6c4000 of 6024 bytes failed: Запрос ReadProcessMemory или WriteProcessMemory был выполнен только частично. (0x12B)
[0819/225041.582:ERROR:process_memory_win.cc(73)] ReadMemory at 0x1d5298b0000 of 384 bytes failed: Запрос ReadProcessMemory или WriteProcessMemory был выполнен только частично. (0x12B)
[0819/225041.582:ERROR:process_memory_win.cc(73)] ReadMemory at 0x1d5298b0fe0 of 4066 bytes failed: Запрос ReadProcessMemory или WriteProcessMemory был выполнен только частично. (0x12B)
[0819/225041.582:ERROR:process_memory_win.cc(73)] ReadMemory at 0x1d5298b1fd0 of 1012 bytes failed: Запрос ReadProcessMemory или WriteProcessMemory был выполнен только частично. (0x12B)
[0819/225041.585:ERROR:process_memory_win.cc(73)] ReadMemory at 0x1d5298b2618 of 118 bytes failed: Запрос ReadProcessMemory или WriteProcessMemory был выполнен только частично. (0x12B)
[0819/225041.585:ERROR:process_memory_win.cc(73)] ReadMemory at 0x1d5298b2690 of 1174 bytes failed: Запрос ReadProcessMemory или WriteProcessMemory был выполнен только частично. (0x12B)
[0819/225041.585:ERROR:process_memory_win.cc(73)] ReadMemory at 0x1d5298b2b28 of 118 bytes failed: Запрос ReadProcessMemory или WriteProcessMemory был выполнен только частично. (0x12B)
[0819/225041.585:ERROR:process_memory_win.cc(73)] ReadMemory at 0x1d5298b2ba0 of 100 bytes failed: Запрос ReadProcessMemory или WriteProcessMemory был выполнен только частично. (0x12B)
[0819/225041.585:ERROR:process_memory_win.cc(73)] ReadMemory at 0x1d5298b2c10 of 58 bytes failed: Запрос ReadProcessMemory или WriteProcessMemory был выполнен только частично. (0x12B)
[0819/225041.586:ERROR:process_memory_win.cc(73)] ReadMemory at 0x1d5298b2d10 of 132 bytes failed: Запрос ReadProcessMemory или WriteProcessMemory был выполнен только частично. (0x12B)
[0819/225041.586:ERROR:process_memory_win.cc(73)] ReadMemory at 0x1d5298b2ea0 of 132 bytes failed: Запрос ReadProcessMemory или WriteProcessMemory был выполнен только частично. (0x12B)
[0819/225041.586:ERROR:process_memory_win.cc(73)] ReadMemory at 0x1d5298b3060 of 126 bytes failed: Запрос ReadProcessMemory или WriteProcessMemory был выполнен только частично. (0x12B)
[0819/225041.586:ERROR:process_memory_win.cc(73)] ReadMemory at 0x1d5298b3440 of 132 bytes failed: Запрос ReadProcessMemory или WriteProcessMemory был выполнен только частично. (0x12B)
[0819/225041.586:ERROR:process_memory_win.cc(73)] ReadMemory at 0x1d5298b35d0 of 64 bytes failed: Запрос ReadProcessMemory или WriteProcessMemory был выполнен только частично. (0x12B)
[0819/225041.586:ERROR:process_memory_win.cc(73)] ReadMemory at 0x1d5298b3730 of 132 bytes failed: Запрос ReadProcessMemory или WriteProcessMemory был выполнен только частично. (0x12B)
[0819/225041.586:ERROR:process_memory_win.cc(73)] ReadMemory at 0x1d5298b38c0 of 62 bytes failed: Запрос ReadProcessMemory или WriteProcessMemory был выполнен только частично. (0x12B)
[0819/225041.586:ERROR:process_memory_win.cc(73)] ReadMemory at 0x1d5298b3a30 of 132 bytes failed: Запрос ReadProcessMemory или WriteProcessMemory был выполнен только частично. (0x12B)
[0819/225041.587:ERROR:process_memory_win.cc(73)] ReadMemory at 0x1d5298b3bc0 of 68 bytes failed: Запрос ReadProcessMemory или WriteProcessMemory был выполнен только частично. (0x12B)
[0819/225041.587:ERROR:process_memory_win.cc(73)] ReadMemory at 0x1d5298c08e0 of 132 bytes failed: Запрос ReadProcessMemory или WriteProcessMemory был выполнен только частично. (0x12B)
[0819/225041.587:ERROR:process_memory_win.cc(73)] ReadMemory at 0x1d5298c0af0 of 132 bytes failed: Запрос ReadProcessMemory или WriteProcessMemory был выполнен только частично. (0x12B)
[0819/225041.587:ERROR:process_memory_win.cc(73)] ReadMemory at 0x1d5298c0c20 of 154 bytes failed: Запрос ReadProcessMemory или WriteProcessMemory был выполнен только частично. (0x12B)
[0819/225041.587:ERROR:process_memory_win.cc(73)] ReadMemory at 0x1d5298c1310 of 62 bytes failed: Запрос ReadProcessMemory или WriteProcessMemory был выполнен только частично. (0x12B)
[0819/225041.587:ERROR:process_memory_win.cc(73)] ReadMemory at 0x1d5298c1500 of 60 bytes failed: Запрос ReadProcessMemory или WriteProcessMemory был выполнен только частично. (0x12B)
[0819/225041.587:ERROR:process_memory_win.cc(73)] ReadMemory at 0x1d5298c1b00 of 132 bytes failed: Запрос ReadProcessMemory или WriteProcessMemory был выполнен только частично. (0x12B)
[0819/225041.587:ERROR:process_memory_win.cc(73)] ReadMemory at 0x1d5298c5a6c of 512 bytes failed: Запрос ReadProcessMemory или WriteProcessMemory был выполнен только частично. (0x12B)
[0819/225041.588:ERROR:process_memory_win.cc(73)] ReadMemory at 0x1d5298c6000 of 54 bytes failed: Запрос ReadProcessMemory или WriteProcessMemory был выполнен только частично. (0x12B)
[0819/225041.588:ERROR:process_memory_win.cc(73)] ReadMemory at 0x1d5298c8870 of 80 bytes failed: Запрос ReadProcessMemory или WriteProcessMemory был выполнен только частично. (0x12B)
[0819/225041.588:ERROR:process_memory_win.cc(73)] ReadMemory at 0x1d5298cbfa0 of 132 bytes failed: Запрос ReadProcessMemory или WriteProcessMemory был выполнен только частично. (0x12B)
[0819/225041.588:ERROR:process_memory_win.cc(73)] ReadMemory at 0x1d5298cc520 of 132 bytes failed: Запрос ReadProcessMemory или WriteProcessMemory был выполнен только частично. (0x12B)
[0819/225041.588:ERROR:process_memory_win.cc(73)] ReadMemory at 0x1d5298cc870 of 132 bytes failed: Запрос ReadProcessMemory или WriteProcessMemory был выполнен только частично. (0x12B)
[0819/225041.588:ERROR:process_memory_win.cc(73)] ReadMemory at 0x1d5298ce010 of 132 bytes failed: Запрос ReadProcessMemory или WriteProcessMemory был выполнен только частично. (0x12B)
[0819/225041.588:ERROR:process_memory_win.cc(73)] ReadMemory at 0x1d5298cf1a0 of 132 bytes failed: Запрос ReadProcessMemory или WriteProcessMemory был выполнен только частично. (0x12B)
[0819/225041.588:ERROR:process_memory_win.cc(73)] ReadMemory at 0x1d5298cf2d0 of 132 bytes failed: Запрос ReadProcessMemory или WriteProcessMemory был выполнен только частично. (0x12B)
[0819/225041.588:ERROR:process_memory_win.cc(73)] ReadMemory at 0x1d5298cf400 of 132 bytes failed: Запрос ReadProcessMemory или WriteProcessMemory был выполнен только частично. (0x12B)
[0819/225041.588:ERROR:process_memory_win.cc(73)] ReadMemory at 0x1d5298cf660 of 132 bytes failed: Запрос ReadProcessMemory или WriteProcessMemory был выполнен только частично. (0x12B)
[0819/225041.589:ERROR:process_memory_win.cc(73)] ReadMemory at 0x1d5298cf790 of 132 bytes failed: Запрос ReadProcessMemory или WriteProcessMemory был выполнен только частично. (0x12B)
[0819/225041.589:ERROR:process_memory_win.cc(73)] ReadMemory at 0x1d5298cf8c0 of 132 bytes failed: Запрос ReadProcessMemory или WriteProcessMemory был выполнен только частично. (0x12B)
[0819/225041.589:ERROR:process_memory_win.cc(73)] ReadMemory at 0x1d5298cf9f0 of 132 bytes failed: Запрос ReadProcessMemory или WriteProcessMemory был выполнен только частично. (0x12B)
[0819/225041.589:ERROR:process_memory_win.cc(73)] ReadMemory at 0x1d5298cfb20 of 132 bytes failed: Запрос ReadProcessMemory или WriteProcessMemory был выполнен только частично. (0x12B)
[0819/225041.589:ERROR:process_memory_win.cc(73)] ReadMemory at 0x1d5298cfc50 of 132 bytes failed: Запрос ReadProcessMemory или WriteProcessMemory был выполнен только частично. (0x12B)
[0819/225041.589:ERROR:process_memory_win.cc(73)] ReadMemory at 0x1d5298cfd80 of 132 bytes failed: Запрос ReadProcessMemory или WriteProcessMemory был выполнен только частично. (0x12B)
[0819/225041.589:ERROR:process_memory_win.cc(73)] ReadMemory at 0x1d5298cfeb0 of 132 bytes failed: Запрос ReadProcessMemory или WriteProcessMemory был выполнен только частично. (0x12B)
[0819/225041.589:ERROR:process_memory_win.cc(73)] ReadMemory at 0x1d5298cffe0 of 132 bytes failed: Запрос ReadProcessMemory или WriteProcessMemory был выполнен только частично. (0x12B)
[0819/225041.589:ERROR:process_memory_win.cc(73)] ReadMemory at 0x1d5298d1fd0 of 60 bytes failed: Запрос ReadProcessMemory или WriteProcessMemory был выполнен только частично. (0x12B)
[0819/225041.590:ERROR:process_memory_win.cc(73)] ReadMemory at 0x1d5298d2020 of 64 bytes failed: Запрос ReadProcessMemory или WriteProcessMemory был выполнен только частично. (0x12B)
[0819/225041.590:ERROR:process_memory_win.cc(73)] ReadMemory at 0x1d5298d2070 of 62 bytes failed: Запрос ReadProcessMemory или WriteProcessMemory был выполнен только частично. (0x12B)
[0819/225041.590:ERROR:process_memory_win.cc(73)] ReadMemory at 0x1d5298d2160 of 64 bytes failed: Запрос ReadProcessMemory или WriteProcessMemory был выполнен только частично. (0x12B)
[0819/225041.590:ERROR:process_memory_win.cc(73)] ReadMemory at 0x1d5298d22a0 of 64 bytes failed: Запрос ReadProcessMemory или WriteProcessMemory был выполнен только частично. (0x12B)
[0819/225041.590:ERROR:process_memory_win.cc(73)] ReadMemory at 0x1d5298d2340 of 64 bytes failed: Запрос ReadProcessMemory или WriteProcessMemory был выполнен только частично. (0x12B)
[0819/225041.590:ERROR:process_memory_win.cc(73)] ReadMemory at 0x1d5298d23e0 of 62 bytes failed: Запрос ReadProcessMemory или WriteProcessMemory был выполнен только частично. (0x12B)
[0819/225041.590:ERROR:process_memory_win.cc(73)] ReadMemory at 0x1d5298d2430 of 62 bytes failed: Запрос ReadProcessMemory или WriteProcessMemory был выполнен только частично. (0x12B)
[0819/225041.591:ERROR:process_memory_win.cc(73)] ReadMemory at 0x1d5298d2480 of 62 bytes failed: Запрос ReadProcessMemory или WriteProcessMemory был выполнен только частично. (0x12B)
[0819/225041.591:ERROR:process_memory_win.cc(73)] ReadMemory at 0x1d5298d24d0 of 60 bytes failed: Запрос ReadProcessMemory или WriteProcessMemory был выполнен только частично. (0x12B)
[0819/225041.591:ERROR:process_memory_win.cc(73)] ReadMemory at 0x1d5298d2520 of 62 bytes failed: Запрос ReadProcessMemory или WriteProcessMemory был выполнен только частично. (0x12B)
[0819/225041.591:ERROR:process_memory_win.cc(73)] ReadMemory at 0x1d5298d2660 of 62 bytes failed: Запрос ReadProcessMemory или WriteProcessMemory был выполнен только частично. (0x12B)
[0819/225041.591:ERROR:process_memory_win.cc(73)] ReadMemory at 0x1d5298d26b0 of 62 bytes failed: Запрос ReadProcessMemory или WriteProcessMemory был выполнен только частично. (0x12B)
[0819/225041.591:ERROR:process_memory_win.cc(73)] ReadMemory at 0x1d5298d2750 of 64 bytes failed: Запрос ReadProcessMemory или WriteProcessMemory был выполнен только частично. (0x12B)
[0819/225041.591:ERROR:process_memory_win.cc(73)] ReadMemory at 0x1d5298d27a0 of 62 bytes failed: Запрос ReadProcessMemory или WriteProcessMemory был выполнен только частично. (0x12B)
[0819/225041.591:ERROR:process_memory_win.cc(73)] ReadMemory at 0x1d5298d27f0 of 60 bytes failed: Запрос ReadProcessMemory или WriteProcessMemory был выполнен только частично. (0x12B)
[0819/225041.591:ERROR:process_memory_win.cc(73)] ReadMemory at 0x1d5298d2980 of 62 bytes failed: Запрос ReadProcessMemory или WriteProcessMemory был выполнен только частично. (0x12B)
[0819/225041.591:ERROR:process_memory_win.cc(73)] ReadMemory at 0x1d5298d29d0 of 64 bytes failed: Запрос ReadProcessMemory или WriteProcessMemory был выполнен только частично. (0x12B)
[0819/225041.592:ERROR:process_memory_win.cc(73)] ReadMemory at 0x1d5298d2a20 of 66 bytes failed: Запрос ReadProcessMemory или WriteProcessMemory был выполнен только частично. (0x12B)
[0819/225041.592:ERROR:process_memory_win.cc(73)] ReadMemory at 0x1d5298d2a70 of 64 bytes failed: Запрос ReadProcessMemory или WriteProcessMemory был выполнен только частично. (0x12B)
[0819/225041.592:ERROR:process_memory_win.cc(73)] ReadMemory at 0x1d5298d2b60 of 58 bytes failed: Запрос ReadProcessMemory или WriteProcessMemory был выполнен только частично. (0x12B)
[0819/225041.592:ERROR:process_memory_win.cc(73)] ReadMemory at 0x1d5298d2bb0 of 66 bytes failed: Запрос ReadProcessMemory или WriteProcessMemory был выполнен только частично. (0x12B)
[0819/225041.592:ERROR:process_memory_win.cc(73)] ReadMemory at 0x1d5298d2c00 of 64 bytes failed: Запрос ReadProcessMemory или WriteProcessMemory был выполнен только частично. (0x12B)
[0819/225041.592:ERROR:process_memory_win.cc(73)] ReadMemory at 0x1d5298d2ca0 of 60 bytes failed: Запрос ReadProcessMemory или WriteProcessMemory был выполнен только частично. (0x12B)
[0819/225041.592:ERROR:process_memory_win.cc(73)] ReadMemory at 0x1d5298d2d40 of 60 bytes failed: Запрос ReadProcessMemory или WriteProcessMemory был выполнен только частично. (0x12B)
[0819/225041.592:ERROR:process_memory_win.cc(73)] ReadMemory at 0x1d5298d2e30 of 62 bytes failed: Запрос ReadProcessMemory или WriteProcessMemory был выполнен только частично. (0x12B)
[0819/225041.592:ERROR:process_memory_win.cc(73)] ReadMemory at 0x1d5298d2f20 of 60 bytes failed: Запрос ReadProcessMemory или WriteProcessMemory был выполнен только частично. (0x12B)
[0819/225041.593:ERROR:process_memory_win.cc(73)] ReadMemory at 0x1d5298d3620 of 146 bytes failed: Запрос ReadProcessMemory или WriteProcessMemory был выполнен только частично. (0x12B)
[0819/225041.593:ERROR:process_memory_win.cc(73)] ReadMemory at 0x1d5298d5ef0 of 132 bytes failed: Запрос ReadProcessMemory или WriteProcessMemory был выполнен только частично. (0x12B)
[0819/225041.593:ERROR:process_memory_win.cc(73)] ReadMemory at 0x1d5298d6020 of 132 bytes failed: Запрос ReadProcessMemory или WriteProcessMemory был выполнен только частично. (0x12B)
[0819/225041.593:ERROR:process_memory_win.cc(73)] ReadMemory at 0x1d5298d8100 of 132 bytes failed: Запрос ReadProcessMemory или WriteProcessMemory был выполнен только частично. (0x12B)
[0819/225041.593:ERROR:process_memory_win.cc(73)] ReadMemory at 0x1d5298d8320 of 132 bytes failed: Запрос ReadProcessMemory или WriteProcessMemory был выполнен только частично. (0x12B)
[0819/225041.593:ERROR:process_memory_win.cc(73)] ReadMemory at 0x1d5298d8680 of 132 bytes failed: Запрос ReadProcessMemory или WriteProcessMemory был выполнен только частично. (0x12B)
[0819/225041.593:ERROR:process_memory_win.cc(73)] ReadMemory at 0x1d5298d91a0 of 76 bytes failed: Запрос ReadProcessMemory или WriteProcessMemory был выполнен только частично. (0x12B)
[0819/225041.593:ERROR:process_memory_win.cc(73)] ReadMemory at 0x1d5298d9680 of 80 bytes failed: Запрос ReadProcessMemory или WriteProcessMemory был выполнен только частично. (0x12B)
[0819/225041.593:ERROR:process_memory_win.cc(73)] ReadMemory at 0x1d5298d9fd0 of 132 bytes failed: Запрос ReadProcessMemory или WriteProcessMemory был выполнен только частично. (0x12B)
[0819/225041.593:ERROR:process_memory_win.cc(73)] ReadMemory at 0x1d5298da100 of 132 bytes failed: Запрос ReadProcessMemory или WriteProcessMemory был выполнен только частично. (0x12B)
[0819/225041.594:ERROR:process_memory_win.cc(73)] ReadMemory at 0x1d5298da230 of 132 bytes failed: Запрос ReadProcessMemory или WriteProcessMemory был выполнен только частично. (0x12B)
[0819/225041.594:ERROR:process_memory_win.cc(73)] ReadMemory at 0x1d5298da360 of 132 bytes failed: Запрос ReadProcessMemory или WriteProcessMemory был выполнен только частично. (0x12B)
[0819/225041.594:ERROR:process_memory_win.cc(73)] ReadMemory at 0x1d5298da490 of 132 bytes failed: Запрос ReadProcessMemory или WriteProcessMemory был выполнен только частично. (0x12B)
[0819/225041.594:ERROR:process_memory_win.cc(73)] ReadMemory at 0x1d5298da5c0 of 132 bytes failed: Запрос ReadProcessMemory или WriteProcessMemory был выполнен только частично. (0x12B)
[0819/225041.594:ERROR:process_memory_win.cc(73)] ReadMemory at 0x1d5298da820 of 132 bytes failed: Запрос ReadProcessMemory или WriteProcessMemory был выполнен только частично. (0x12B)
[0819/225041.594:ERROR:process_memory_win.cc(73)] ReadMemory at 0x1d5298da950 of 132 bytes failed: Запрос ReadProcessMemory или WriteProcessMemory был выполнен только частично. (0x12B)
[0819/225041.595:ERROR:process_memory_win.cc(73)] ReadMemory at 0x1d5298daa80 of 132 bytes failed: Запрос ReadProcessMemory или WriteProcessMemory был выполнен только частично. (0x12B)
[0819/225041.595:ERROR:process_memory_win.cc(73)] ReadMemory at 0x1d5298dabb0 of 132 bytes failed: Запрос ReadProcessMemory или WriteProcessMemory был выполнен только частично. (0x12B)
[0819/225041.595:ERROR:process_memory_win.cc(73)] ReadMemory at 0x1d5298dace0 of 132 bytes failed: Запрос ReadProcessMemory или WriteProcessMemory был выполнен только частично. (0x12B)
[0819/225041.595:ERROR:process_memory_win.cc(73)] ReadMemory at 0x1d5298dae10 of 132 bytes failed: Запрос ReadProcessMemory или WriteProcessMemory был выполнен только частично. (0x12B)
[0819/225041.595:ERROR:process_memory_win.cc(73)] ReadMemory at 0x1d5298db1a0 of 132 bytes failed: Запрос ReadProcessMemory или WriteProcessMemory был выполнен только частично. (0x12B)
[0819/225041.596:ERROR:process_memory_win.cc(73)] ReadMemory at 0x1d5298db2d0 of 132 bytes failed: Запрос ReadProcessMemory или WriteProcessMemory был выполнен только частично. (0x12B)
[0819/225041.596:ERROR:process_memory_win.cc(73)] ReadMemory at 0x1d5298db530 of 132 bytes failed: Запрос ReadProcessMemory или WriteProcessMemory был выполнен только частично. (0x12B)
[0819/225041.596:ERROR:process_memory_win.cc(73)] ReadMemory at 0x1d5298db660 of 132 bytes failed: Запрос ReadProcessMemory или WriteProcessMemory был выполнен только частично. (0x12B)
[0819/225041.596:ERROR:process_memory_win.cc(73)] ReadMemory at 0x1d5298db790 of 132 bytes failed: Запрос ReadProcessMemory или WriteProcessMemory был выполнен только частично. (0x12B)
[0819/225041.596:ERROR:process_memory_win.cc(73)] ReadMemory at 0x1d5298db8c0 of 132 bytes failed: Запрос ReadProcessMemory или WriteProcessMemory был выполнен только частично. (0x12B)
[0819/225041.596:ERROR:process_memory_win.cc(73)] ReadMemory at 0x1d5298db9f0 of 132 bytes failed: Запрос ReadProcessMemory или WriteProcessMemory был выполнен только частично. (0x12B)
[0819/225041.596:ERROR:process_memory_win.cc(73)] ReadMemory at 0x1d5298dbb20 of 132 bytes failed: Запрос ReadProcessMemory или WriteProcessMemory был выполнен только частично. (0x12B)
[0819/225041.596:ERROR:process_memory_win.cc(73)] ReadMemory at 0x1d5298dbc50 of 132 bytes failed: Запрос ReadProcessMemory или WriteProcessMemory был выполнен только частично. (0x12B)
[0819/225041.596:ERROR:process_memory_win.cc(73)] ReadMemory at 0x1d5298dbd80 of 132 bytes failed: Запрос ReadProcessMemory или WriteProcessMemory был выполнен только частично. (0x12B)
[0819/225041.596:ERROR:process_memory_win.cc(73)] ReadMemory at 0x1d5298f52c0 of 78 bytes failed: Запрос ReadProcessMemory или WriteProcessMemory был выполнен только частично. (0x12B)
[0819/225041.597:ERROR:process_memory_win.cc(73)] ReadMemory at 0x1d5298feb50 of 62 bytes failed: Запрос ReadProcessMemory или WriteProcessMemory был выполнен только частично. (0x12B)
[0819/225041.597:ERROR:process_memory_win.cc(73)] ReadMemory at 0x1d5298feba0 of 58 bytes failed: Запрос ReadProcessMemory или WriteProcessMemory был выполнен только частично. (0x12B)
[0819/225041.597:ERROR:process_memory_win.cc(73)] ReadMemory at 0x1d5298fec40 of 62 bytes failed: Запрос ReadProcessMemory или WriteProcessMemory был выполнен только частично. (0x12B)
[0819/225041.597:ERROR:process_memory_win.cc(73)] ReadMemory at 0x1d5298fed30 of 60 bytes failed: Запрос ReadProcessMemory или WriteProcessMemory был выполнен только частично. (0x12B)
[0819/225041.597:ERROR:process_memory_win.cc(73)] ReadMemory at 0x1d5298feec0 of 66 bytes failed: Запрос ReadProcessMemory или WriteProcessMemory был выполнен только частично. (0x12B)
[0819/225041.597:ERROR:process_memory_win.cc(73)] ReadMemory at 0x1d5298fef10 of 58 bytes failed: Запрос ReadProcessMemory или WriteProcessMemory был выполнен только частично. (0x12B)
[0819/225041.597:ERROR:process_memory_win.cc(73)] ReadMemory at 0x1d5298ff0a0 of 58 bytes failed: Запрос ReadProcessMemory или WriteProcessMemory был выполнен только частично. (0x12B)
[0819/225041.597:ERROR:process_memory_win.cc(73)] ReadMemory at 0x1d5298ff230 of 62 bytes failed: Запрос ReadProcessMemory или WriteProcessMemory был выполнен только частично. (0x12B)
[0819/225041.597:ERROR:process_memory_win.cc(73)] ReadMemory at 0x1d5298ff410 of 64 bytes failed: Запрос ReadProcessMemory или WriteProcessMemory был выполнен только частично. (0x12B)
[0819/225041.597:ERROR:process_memory_win.cc(73)] ReadMemory at 0x1d5298ff460 of 60 bytes failed: Запрос ReadProcessMemory или WriteProcessMemory был выполнен только частично. (0x12B)
[0819/225041.598:ERROR:process_memory_win.cc(73)] ReadMemory at 0x1d52993d900 of 512 bytes failed: Запрос ReadProcessMemory или WriteProcessMemory был выполнен только частично. (0x12B)
[0819/225041.598:ERROR:process_memory_win.cc(73)] ReadMemory at 0x1d52993eeb0 of 512 bytes failed: Запрос ReadProcessMemory или WriteProcessMemory был выполнен только частично. (0x12B)
[0819/225041.598:ERROR:process_memory_win.cc(73)] ReadMemory at 0x1d529940230 of 712 bytes failed: Запрос ReadProcessMemory или WriteProcessMemory был выполнен только частично. (0x12B)
[0819/225041.598:ERROR:process_memory_win.cc(73)] ReadMemory at 0x1d529945790 of 512 bytes failed: Запрос ReadProcessMemory или WriteProcessMemory был выполнен только частично. (0x12B)
[0819/225041.598:ERROR:process_memory_win.cc(73)] ReadMemory at 0x1d52b66bc10 of 512 bytes failed: Запрос ReadProcessMemory или WriteProcessMemory был выполнен только частично. (0x12B)
[0819/225041.598:ERROR:process_memory_win.cc(73)] ReadMemory at 0x1d52b66bf50 of 512 bytes failed: Запрос ReadProcessMemory или WriteProcessMemory был выполнен только частично. (0x12B)
[0819/225041.598:ERROR:process_memory_win.cc(73)] ReadMemory at 0x1d52b673ee0 of 512 bytes failed: Запрос ReadProcessMemory или WriteProcessMemory был выполнен только частично. (0x12B)
[0819/225041.598:ERROR:process_memory_win.cc(73)] ReadMemory at 0x1d52b682100 of 512 bytes failed: Запрос ReadProcessMemory или WriteProcessMemory был выполнен только частично. (0x12B)
[0819/225041.599:ERROR:process_memory_win.cc(73)] ReadMemory at 0x1d52b702570 of 512 bytes failed: Запрос ReadProcessMemory или WriteProcessMemory был выполнен только частично. (0x12B)
[0819/225041.599:ERROR:process_memory_win.cc(73)] ReadMemory at 0x1d52ba79560 of 512 bytes failed: Запрос ReadProcessMemory или WriteProcessMemory был выполнен только частично. (0x12B)
[0819/225041.599:ERROR:process_memory_win.cc(73)] ReadMemory at 0x1d52d473800 of 512 bytes failed: Запрос ReadProcessMemory или WriteProcessMemory был выполнен только частично. (0x12B)
[0819/225041.599:ERROR:process_memory_win.cc(73)] ReadMemory at 0x1d52d593410 of 512 bytes failed: Запрос ReadProcessMemory или WriteProcessMemory был выполнен только частично. (0x12B)
[0819/225041.599:ERROR:process_memory_win.cc(73)] ReadMemory at 0x1d52d5a1ec0 of 528 bytes failed: Запрос ReadProcessMemory или WriteProcessMemory был выполнен только частично. (0x12B)
[0819/225041.599:ERROR:process_memory_win.cc(73)] ReadMemory at 0x1d52f1c49a0 of 512 bytes failed: Запрос ReadProcessMemory или WriteProcessMemory был выполнен только частично. (0x12B)
[0819/225041.599:ERROR:process_memory_win.cc(73)] ReadMemory at 0x1d530189930 of 512 bytes failed: Запрос ReadProcessMemory или WriteProcessMemory был выполнен только частично. (0x12B)
[0819/225041.600:ERROR:process_memory_win.cc(73)] ReadMemory at 0xa2cc5607ac0 of 512 bytes failed: Запрос ReadProcessMemory или WriteProcessMemory был выполнен только частично. (0x12B)
[0819/225041.600:ERROR:process_memory_win.cc(73)] ReadMemory at 0x7ffbf47f6374 of 512 bytes failed: Запрос ReadProcessMemory или WriteProcessMemory был выполнен только частично. (0x12B)
[0819/225041.600:ERROR:process_memory_win.cc(73)] ReadMemory at 0x7ffbf47fedd1 of 512 bytes failed: Запрос ReadProcessMemory или WriteProcessMemory был выполнен только частично. (0x12B)
[0819/225041.600:ERROR:process_memory_win.cc(73)] ReadMemory at 0x7ffbf6ff979c of 512 bytes failed: Запрос ReadProcessMemory или WriteProcessMemory был выполнен только частично. (0x12B)
[0819/225041.600:ERROR:process_memory_win.cc(73)] ReadMemory at 0x7ffc2c44a699 of 512 bytes failed: Запрос ReadProcessMemory или WriteProcessMemory был выполнен только частично. (0x12B)
[0819/225041.600:ERROR:process_memory_win.cc(73)] ReadMemory at 0x7ffc2c67c6d0 of 512 bytes failed: Запрос ReadProcessMemory или WriteProcessMemory был выполнен только частично. (0x12B)
[0819/225041.600:ERROR:process_memory_win.cc(73)] ReadMemory at 0x7ffc2e75c074 of 672 bytes failed: Запрос ReadProcessMemory или WriteProcessMemory был выполнен только частично. (0x12B)
[0819/225041.601:ERROR:process_memory_win.cc(73)] ReadMemory at 0x7ffc2e75c674 of 512 bytes failed: Запрос ReadProcessMemory или WriteProcessMemory был выполнен только частично. (0x12B)
[0819/225041.601:ERROR:process_memory_win.cc(73)] ReadMemory at 0x7ffc2e75f924 of 608 bytes failed: Запрос ReadProcessMemory или WriteProcessMemory был выполнен только частично. (0x12B)
[0819/225041.601:ERROR:process_memory_win.cc(73)] ReadMemory at 0x7ffc2e765e80 of 512 bytes failed: Запрос ReadProcessMemory или WriteProcessMemory был выполнен только частично. (0x12B)
[0819/225041.601:ERROR:process_memory_win.cc(73)] ReadMemory at 0x7ffc2e7ec428 of 18 bytes failed: Запрос ReadProcessMemory или WriteProcessMemory был выполнен только частично. (0x12B)
[0819/225041.601:ERROR:process_memory_win.cc(73)] ReadMemory at 0x7ffc2e81f4f8 of 40 bytes failed: Запрос ReadProcessMemory или WriteProcessMemory был выполнен только частично. (0x12B)
[0819/225041.601:ERROR:process_memory_win.cc(73)] ReadMemory at 0x7ffc2e81f978 of 48 bytes failed: Запрос ReadProcessMemory или WriteProcessMemory был выполнен только частично. (0x12B)
[0819/225041.601:ERROR:process_memory_win.cc(73)] ReadMemory at 0x7ffc2e8253c0 of 64 bytes failed: Запрос ReadProcessMemory или WriteProcessMemory был выполнен только частично. (0x12B)
[0819/225041.603:ERROR:scoped_process_suspend.cc(40)] NtResumeProcess: Попытка доступа к процессу, выполняющему процедуру завершения. (0xc000010a)
